\BOOKMARK [1][-]{section.1}{\376\377\000I\000n\000t\000r\000o\000d\000u\000c\000t\000i\000o\000n}{}% 1
\BOOKMARK [2][-]{subsection.1.1}{\376\377\000T\000h\000e\000\040\000L\000a\000y\000e\000r\000\040\000H\000i\000e\000r\000a\000r\000c\000h\000y\000\040\000H\000y\000p\000o\000t\000h\000e\000s\000i\000s}{section.1}% 2
\BOOKMARK [2][-]{subsection.1.2}{\376\377\000R\000e\000s\000e\000a\000r\000c\000h\000\040\000Q\000u\000e\000s\000t\000i\000o\000n\000s\000\040\000a\000n\000d\000\040\000C\000o\000n\000t\000r\000i\000b\000u\000t\000i\000o\000n\000s}{section.1}% 3
\BOOKMARK [1][-]{section.2}{\376\377\000R\000e\000l\000a\000t\000e\000d\000\040\000W\000o\000r\000k}{}% 4
\BOOKMARK [2][-]{subsection.2.1}{\376\377\000K\000n\000o\000w\000l\000e\000d\000g\000e\000\040\000D\000i\000s\000t\000i\000l\000l\000a\000t\000i\000o\000n\000\040\000i\000n\000\040\000D\000e\000e\000p\000\040\000L\000e\000a\000r\000n\000i\000n\000g}{section.2}% 5
\BOOKMARK [2][-]{subsection.2.2}{\376\377\000F\000i\000s\000h\000e\000r\000\040\000I\000n\000f\000o\000r\000m\000a\000t\000i\000o\000n\000\040\000i\000n\000\040\000N\000e\000u\000r\000a\000l\000\040\000N\000e\000t\000w\000o\000r\000k\000s}{section.2}% 6
\BOOKMARK [2][-]{subsection.2.3}{\376\377\000L\000L\000M\000-\000b\000a\000s\000e\000d\000\040\000R\000e\000c\000o\000m\000m\000e\000n\000d\000e\000r\000\040\000S\000y\000s\000t\000e\000m\000s}{section.2}% 7
\BOOKMARK [1][-]{section.3}{\376\377\000M\000e\000t\000h\000o\000d\000o\000l\000o\000g\000y}{}% 8
\BOOKMARK [2][-]{subsection.3.1}{\376\377\000P\000r\000o\000b\000l\000e\000m\000\040\000F\000o\000r\000m\000u\000l\000a\000t\000i\000o\000n}{section.3}% 9
\BOOKMARK [2][-]{subsection.3.2}{\376\377\000F\000i\000s\000h\000e\000r\000\040\000I\000n\000f\000o\000r\000m\000a\000t\000i\000o\000n\000\040\000M\000a\000t\000r\000i\000x\000\040\000f\000o\000r\000\040\000L\000a\000y\000e\000r\000\040\000I\000m\000p\000o\000r\000t\000a\000n\000c\000e}{section.3}% 10
\BOOKMARK [3][-]{subsubsection.3.2.1}{\376\377\000L\000a\000y\000e\000r\000-\000w\000i\000s\000e\000\040\000F\000i\000s\000h\000e\000r\000\040\000C\000o\000m\000p\000u\000t\000a\000t\000i\000o\000n}{subsection.3.2}% 11
\BOOKMARK [3][-]{subsubsection.3.2.2}{\376\377\000I\000m\000p\000o\000r\000t\000a\000n\000c\000e\000\040\000W\000e\000i\000g\000h\000t\000\040\000D\000e\000r\000i\000v\000a\000t\000i\000o\000n}{subsection.3.2}% 12
\BOOKMARK [3][-]{subsubsection.3.2.3}{\376\377\000S\000e\000m\000a\000n\000t\000i\000c\000\040\000L\000a\000y\000e\000r\000\040\000E\000m\000p\000h\000a\000s\000i\000s}{subsection.3.2}% 13
\BOOKMARK [2][-]{subsection.3.3}{\376\377\000F\000i\000s\000h\000e\000r\000-\000g\000u\000i\000d\000e\000d\000\040\000L\000a\000y\000e\000r\000w\000i\000s\000e\000\040\000D\000i\000s\000t\000i\000l\000l\000a\000t\000i\000o\000n}{section.3}% 14
\BOOKMARK [3][-]{subsubsection.3.3.1}{\376\377\000M\000u\000l\000t\000i\000-\000c\000o\000m\000p\000o\000n\000e\000n\000t\000\040\000L\000o\000s\000s\000\040\000F\000u\000n\000c\000t\000i\000o\000n}{subsection.3.3}% 15
\BOOKMARK [3][-]{subsubsection.3.3.2}{\376\377\000L\000a\000y\000e\000r\000-\000w\000i\000s\000e\000\040\000F\000e\000a\000t\000u\000r\000e\000\040\000M\000a\000t\000c\000h\000i\000n\000g}{subsection.3.3}% 16
\BOOKMARK [3][-]{subsubsection.3.3.3}{\376\377\000D\000y\000n\000a\000m\000i\000c\000\040\000W\000e\000i\000g\000h\000t\000\040\000A\000d\000j\000u\000s\000t\000m\000e\000n\000t}{subsection.3.3}% 17
\BOOKMARK [2][-]{subsection.3.4}{\376\377\000E\000f\000f\000i\000c\000i\000e\000n\000t\000\040\000F\000i\000s\000h\000e\000r\000\040\000C\000o\000m\000p\000u\000t\000a\000t\000i\000o\000n}{section.3}% 18
\BOOKMARK [3][-]{subsubsection.3.4.1}{\376\377\000S\000a\000m\000p\000l\000i\000n\000g\000\040\000S\000t\000r\000a\000t\000e\000g\000y}{subsection.3.4}% 19
\BOOKMARK [3][-]{subsubsection.3.4.2}{\376\377\000C\000o\000m\000p\000u\000t\000a\000t\000i\000o\000n\000a\000l\000\040\000C\000o\000m\000p\000l\000e\000x\000i\000t\000y}{subsection.3.4}% 20
\BOOKMARK [1][-]{section.4}{\376\377\000E\000x\000p\000e\000r\000i\000m\000e\000n\000t\000a\000l\000\040\000S\000e\000t\000u\000p}{}% 21
\BOOKMARK [2][-]{subsection.4.1}{\376\377\000D\000a\000t\000a\000s\000e\000t\000s\000\040\000a\000n\000d\000\040\000P\000r\000e\000p\000r\000o\000c\000e\000s\000s\000i\000n\000g}{section.4}% 22
\BOOKMARK [2][-]{subsection.4.2}{\376\377\000M\000o\000d\000e\000l\000\040\000A\000r\000c\000h\000i\000t\000e\000c\000t\000u\000r\000e\000s}{section.4}% 23
\BOOKMARK [2][-]{subsection.4.3}{\376\377\000B\000a\000s\000e\000l\000i\000n\000e\000\040\000M\000e\000t\000h\000o\000d\000s}{section.4}% 24
\BOOKMARK [2][-]{subsection.4.4}{\376\377\000T\000r\000a\000i\000n\000i\000n\000g\000\040\000C\000o\000n\000f\000i\000g\000u\000r\000a\000t\000i\000o\000n}{section.4}% 25
\BOOKMARK [2][-]{subsection.4.5}{\376\377\000E\000v\000a\000l\000u\000a\000t\000i\000o\000n\000\040\000M\000e\000t\000r\000i\000c\000s}{section.4}% 26
\BOOKMARK [1][-]{section.5}{\376\377\000R\000e\000s\000u\000l\000t\000s\000\040\000a\000n\000d\000\040\000A\000n\000a\000l\000y\000s\000i\000s}{}% 27
\BOOKMARK [2][-]{subsection.5.1}{\376\377\000O\000v\000e\000r\000a\000l\000l\000\040\000P\000e\000r\000f\000o\000r\000m\000a\000n\000c\000e\000\040\000C\000o\000m\000p\000a\000r\000i\000s\000o\000n}{section.5}% 28
\BOOKMARK [2][-]{subsection.5.2}{\376\377\000F\000i\000s\000h\000e\000r\000\040\000I\000n\000f\000o\000r\000m\000a\000t\000i\000o\000n\000\040\000A\000n\000a\000l\000y\000s\000i\000s}{section.5}% 29
\BOOKMARK [2][-]{subsection.5.3}{\376\377\000C\000r\000o\000s\000s\000-\000D\000o\000m\000a\000i\000n\000\040\000V\000a\000l\000i\000d\000a\000t\000i\000o\000n}{section.5}% 30
\BOOKMARK [2][-]{subsection.5.4}{\376\377\000C\000o\000m\000p\000r\000e\000h\000e\000n\000s\000i\000v\000e\000\040\000A\000b\000l\000a\000t\000i\000o\000n\000\040\000S\000t\000u\000d\000i\000e\000s}{section.5}% 31
\BOOKMARK [3][-]{subsubsection.5.4.1}{\376\377\000L\000a\000y\000e\000r\000\040\000W\000e\000i\000g\000h\000t\000i\000n\000g\000\040\000S\000t\000r\000a\000t\000e\000g\000i\000e\000s}{subsection.5.4}% 32
\BOOKMARK [3][-]{subsubsection.5.4.2}{\376\377\000S\000e\000m\000a\000n\000t\000i\000c\000\040\000E\000m\000p\000h\000a\000s\000i\000s\000\040\000A\000n\000a\000l\000y\000s\000i\000s}{subsection.5.4}% 33
\BOOKMARK [3][-]{subsubsection.5.4.3}{\376\377\000S\000t\000u\000d\000e\000n\000t\000\040\000A\000r\000c\000h\000i\000t\000e\000c\000t\000u\000r\000e\000\040\000S\000e\000n\000s\000i\000t\000i\000v\000i\000t\000y}{subsection.5.4}% 34
\BOOKMARK [2][-]{subsection.5.5}{\376\377\000C\000o\000m\000p\000u\000t\000a\000t\000i\000o\000n\000a\000l\000\040\000E\000f\000f\000i\000c\000i\000e\000n\000c\000y\000\040\000A\000n\000a\000l\000y\000s\000i\000s}{section.5}% 35
\BOOKMARK [2][-]{subsection.5.6}{\376\377\000E\000r\000r\000o\000r\000\040\000A\000n\000a\000l\000y\000s\000i\000s\000\040\000a\000n\000d\000\040\000F\000a\000i\000l\000u\000r\000e\000\040\000C\000a\000s\000e\000s}{section.5}% 36
\BOOKMARK [3][-]{subsubsection.5.6.1}{\376\377\000P\000e\000r\000f\000o\000r\000m\000a\000n\000c\000e\000\040\000D\000e\000g\000r\000a\000d\000a\000t\000i\000o\000n\000\040\000P\000a\000t\000t\000e\000r\000n\000s}{subsection.5.6}% 37
\BOOKMARK [3][-]{subsubsection.5.6.2}{\376\377\000F\000i\000s\000h\000e\000r\000\040\000I\000n\000f\000o\000r\000m\000a\000t\000i\000o\000n\000\040\000S\000t\000a\000b\000i\000l\000i\000t\000y\000\040\000A\000n\000a\000l\000y\000s\000i\000s}{subsection.5.6}% 38
\BOOKMARK [2][-]{subsection.5.7}{\376\377\000L\000a\000r\000g\000e\000-\000S\000c\000a\000l\000e\000\040\000E\000v\000a\000l\000u\000a\000t\000i\000o\000n}{section.5}% 39
\BOOKMARK [3][-]{subsubsection.5.7.1}{\376\377\000S\000c\000a\000l\000a\000b\000i\000l\000i\000t\000y\000\040\000A\000n\000a\000l\000y\000s\000i\000s}{subsection.5.7}% 40
\BOOKMARK [2][-]{subsection.5.8}{\376\377\000C\000o\000m\000p\000a\000r\000a\000t\000i\000v\000e\000\040\000S\000t\000u\000d\000y\000\040\000w\000i\000t\000h\000\040\000R\000e\000c\000e\000n\000t\000\040\000M\000e\000t\000h\000o\000d\000s}{section.5}% 41
\BOOKMARK [3][-]{subsubsection.5.8.1}{\376\377\000S\000t\000a\000t\000e\000-\000o\000f\000-\000t\000h\000e\000-\000A\000r\000t\000\040\000C\000o\000m\000p\000a\000r\000i\000s\000o\000n}{subsection.5.8}% 42
\BOOKMARK [3][-]{subsubsection.5.8.2}{\376\377\000K\000n\000o\000w\000l\000e\000d\000g\000e\000\040\000T\000r\000a\000n\000s\000f\000e\000r\000\040\000Q\000u\000a\000l\000i\000t\000y\000\040\000A\000n\000a\000l\000y\000s\000i\000s}{subsection.5.8}% 43
\BOOKMARK [2][-]{subsection.5.9}{\376\377\000Q\000u\000a\000l\000i\000t\000a\000t\000i\000v\000e\000\040\000A\000n\000a\000l\000y\000s\000i\000s}{section.5}% 44
\BOOKMARK [3][-]{subsubsection.5.9.1}{\376\377\000E\000d\000g\000e\000\040\000D\000e\000p\000l\000o\000y\000m\000e\000n\000t\000\040\000E\000v\000a\000l\000u\000a\000t\000i\000o\000n}{subsection.5.9}% 45
\BOOKMARK [3][-]{subsubsection.5.9.2}{\376\377\000L\000a\000y\000e\000r\000\040\000I\000m\000p\000o\000r\000t\000a\000n\000c\000e\000\040\000V\000i\000s\000u\000a\000l\000i\000z\000a\000t\000i\000o\000n}{subsection.5.9}% 46
\BOOKMARK [2][-]{subsection.5.10}{\376\377\000S\000t\000a\000t\000i\000s\000t\000i\000c\000a\000l\000\040\000S\000i\000g\000n\000i\000f\000i\000c\000a\000n\000c\000e\000\040\000a\000n\000d\000\040\000R\000e\000p\000r\000o\000d\000u\000c\000i\000b\000i\000l\000i\000t\000y}{section.5}% 47
\BOOKMARK [3][-]{subsubsection.5.10.1}{\376\377\000S\000t\000a\000t\000i\000s\000t\000i\000c\000a\000l\000\040\000A\000n\000a\000l\000y\000s\000i\000s}{subsection.5.10}% 48
\BOOKMARK [3][-]{subsubsection.5.10.2}{\376\377\000R\000e\000p\000r\000o\000d\000u\000c\000i\000b\000i\000l\000i\000t\000y}{subsection.5.10}% 49
\BOOKMARK [1][-]{section.6}{\376\377\000T\000h\000e\000o\000r\000e\000t\000i\000c\000a\000l\000\040\000A\000n\000a\000l\000y\000s\000i\000s\000\040\000a\000n\000d\000\040\000I\000n\000s\000i\000g\000h\000t\000s}{}% 50
\BOOKMARK [2][-]{subsection.6.1}{\376\377\000I\000n\000f\000o\000r\000m\000a\000t\000i\000o\000n\000-\000T\000h\000e\000o\000r\000e\000t\000i\000c\000\040\000F\000o\000u\000n\000d\000a\000t\000i\000o\000n}{section.6}% 51
\BOOKMARK [3][-]{subsubsection.6.1.1}{\376\377\000F\000i\000s\000h\000e\000r\000\040\000I\000n\000f\000o\000r\000m\000a\000t\000i\000o\000n\000\040\000a\000n\000d\000\040\000L\000a\000y\000e\000r\000\040\000S\000e\000n\000s\000i\000t\000i\000v\000i\000t\000y}{subsection.6.1}% 52
\BOOKMARK [3][-]{subsubsection.6.1.2}{\376\377\000S\000e\000m\000a\000n\000t\000i\000c\000\040\000H\000i\000e\000r\000a\000r\000c\000h\000y\000\040\000i\000n\000\040\000T\000r\000a\000n\000s\000f\000o\000r\000m\000e\000r\000s}{subsection.6.1}% 53
\BOOKMARK [2][-]{subsection.6.2}{\376\377\000C\000o\000n\000v\000e\000r\000g\000e\000n\000c\000e\000\040\000A\000n\000a\000l\000y\000s\000i\000s}{section.6}% 54
\BOOKMARK [2][-]{subsection.6.3}{\376\377\000G\000e\000n\000e\000r\000a\000l\000i\000z\000a\000t\000i\000o\000n\000\040\000T\000h\000e\000o\000r\000y}{section.6}% 55
\BOOKMARK [1][-]{section.7}{\376\377\000A\000d\000v\000a\000n\000c\000e\000d\000\040\000E\000x\000p\000e\000r\000i\000m\000e\000n\000t\000a\000l\000\040\000A\000n\000a\000l\000y\000s\000i\000s}{}% 56
\BOOKMARK [2][-]{subsection.7.1}{\376\377\000L\000a\000y\000e\000r\000\040\000C\000o\000n\000t\000r\000i\000b\000u\000t\000i\000o\000n\000\040\000D\000e\000c\000o\000m\000p\000o\000s\000i\000t\000i\000o\000n}{section.7}% 57
\BOOKMARK [3][-]{subsubsection.7.1.1}{\376\377\000P\000r\000o\000g\000r\000e\000s\000s\000i\000v\000e\000\040\000L\000a\000y\000e\000r\000\040\000R\000e\000m\000o\000v\000a\000l}{subsection.7.1}% 58
\BOOKMARK [3][-]{subsubsection.7.1.2}{\376\377\000A\000t\000t\000e\000n\000t\000i\000o\000n\000\040\000P\000a\000t\000t\000e\000r\000n\000\040\000A\000n\000a\000l\000y\000s\000i\000s}{subsection.7.1}% 59
\BOOKMARK [2][-]{subsection.7.2}{\376\377\000C\000o\000m\000p\000u\000t\000a\000t\000i\000o\000n\000a\000l\000\040\000C\000o\000m\000p\000l\000e\000x\000i\000t\000y\000\040\000A\000n\000a\000l\000y\000s\000i\000s}{section.7}% 60
\BOOKMARK [3][-]{subsubsection.7.2.1}{\376\377\000T\000r\000a\000i\000n\000i\000n\000g\000\040\000O\000v\000e\000r\000h\000e\000a\000d}{subsection.7.2}% 61
\BOOKMARK [3][-]{subsubsection.7.2.2}{\376\377\000I\000n\000f\000e\000r\000e\000n\000c\000e\000\040\000E\000f\000f\000i\000c\000i\000e\000n\000c\000y}{subsection.7.2}% 62
\BOOKMARK [2][-]{subsection.7.3}{\376\377\000R\000o\000b\000u\000s\000t\000n\000e\000s\000s\000\040\000a\000n\000d\000\040\000S\000e\000n\000s\000i\000t\000i\000v\000i\000t\000y\000\040\000A\000n\000a\000l\000y\000s\000i\000s}{section.7}% 63
\BOOKMARK [3][-]{subsubsection.7.3.1}{\376\377\000H\000y\000p\000e\000r\000p\000a\000r\000a\000m\000e\000t\000e\000r\000\040\000S\000e\000n\000s\000i\000t\000i\000v\000i\000t\000y}{subsection.7.3}% 64
\BOOKMARK [3][-]{subsubsection.7.3.2}{\376\377\000N\000o\000i\000s\000e\000\040\000R\000o\000b\000u\000s\000t\000n\000e\000s\000s}{subsection.7.3}% 65
\BOOKMARK [2][-]{subsection.7.4}{\376\377\000C\000o\000m\000p\000r\000e\000h\000e\000n\000s\000i\000v\000e\000\040\000A\000b\000l\000a\000t\000i\000o\000n\000\040\000S\000t\000u\000d\000i\000e\000s}{section.7}% 66
\BOOKMARK [3][-]{subsubsection.7.4.1}{\376\377\000C\000o\000m\000p\000o\000n\000e\000n\000t\000\040\000A\000n\000a\000l\000y\000s\000i\000s}{subsection.7.4}% 67
\BOOKMARK [3][-]{subsubsection.7.4.2}{\376\377\000A\000r\000c\000h\000i\000t\000e\000c\000t\000u\000r\000e\000\040\000E\000x\000p\000l\000o\000r\000a\000t\000i\000o\000n}{subsection.7.4}% 68
\BOOKMARK [1][-]{section.8}{\376\377\000C\000o\000m\000p\000u\000t\000a\000t\000i\000o\000n\000a\000l\000\040\000A\000n\000a\000l\000y\000s\000i\000s\000\040\000a\000n\000d\000\040\000E\000f\000f\000i\000c\000i\000e\000n\000c\000y}{}% 69
\BOOKMARK [2][-]{subsection.8.1}{\376\377\000M\000o\000d\000e\000l\000\040\000C\000o\000m\000p\000r\000e\000s\000s\000i\000o\000n\000\040\000B\000e\000n\000e\000f\000i\000t\000s}{section.8}% 70
\BOOKMARK [3][-]{subsubsection.8.1.1}{\376\377\000T\000h\000e\000o\000r\000e\000t\000i\000c\000a\000l\000\040\000C\000o\000m\000p\000l\000e\000x\000i\000t\000y\000\040\000A\000n\000a\000l\000y\000s\000i\000s}{subsection.8.1}% 71
\BOOKMARK [3][-]{ALC@unique.25}{\376\377\000T\000r\000a\000i\000n\000i\000n\000g\000\040\000P\000i\000p\000e\000l\000i\000n\000e}{subsection.8.1}% 72
\BOOKMARK [2][-]{subsection.8.2}{\376\377\000E\000f\000f\000i\000c\000i\000e\000n\000c\000y\000\040\000A\000n\000a\000l\000y\000s\000i\000s}{section.8}% 73
\BOOKMARK [3][-]{subsubsection.8.2.1}{\376\377\000M\000e\000m\000o\000r\000y\000\040\000a\000n\000d\000\040\000C\000o\000m\000p\000u\000t\000a\000t\000i\000o\000n\000a\000l\000\040\000R\000e\000q\000u\000i\000r\000e\000m\000e\000n\000t\000s}{subsection.8.2}% 74
\BOOKMARK [3][-]{subsubsection.8.2.2}{\376\377\000C\000o\000m\000p\000a\000r\000a\000t\000i\000v\000e\000\040\000C\000o\000m\000p\000u\000t\000a\000t\000i\000o\000n\000a\000l\000\040\000A\000n\000a\000l\000y\000s\000i\000s}{subsection.8.2}% 75
\BOOKMARK [1][-]{section.9}{\376\377\000D\000i\000s\000c\000u\000s\000s\000i\000o\000n\000\040\000a\000n\000d\000\040\000F\000u\000t\000u\000r\000e\000\040\000D\000i\000r\000e\000c\000t\000i\000o\000n\000s}{}% 76
\BOOKMARK [2][-]{subsection.9.1}{\376\377\000T\000h\000e\000o\000r\000e\000t\000i\000c\000a\000l\000\040\000I\000m\000p\000l\000i\000c\000a\000t\000i\000o\000n\000s}{section.9}% 77
\BOOKMARK [2][-]{subsection.9.2}{\376\377\000M\000e\000t\000h\000o\000d\000o\000l\000o\000g\000i\000c\000a\000l\000\040\000C\000o\000n\000t\000r\000i\000b\000u\000t\000i\000o\000n\000s}{section.9}% 78
\BOOKMARK [3][-]{subsubsection.9.2.1}{\376\377\000N\000o\000v\000e\000l\000\040\000D\000i\000s\000t\000i\000l\000l\000a\000t\000i\000o\000n\000\040\000P\000a\000r\000a\000d\000i\000g\000m}{subsection.9.2}% 79
\BOOKMARK [3][-]{subsubsection.9.2.2}{\376\377\000E\000m\000p\000i\000r\000i\000c\000a\000l\000\040\000I\000n\000s\000i\000g\000h\000t\000s}{subsection.9.2}% 80
\BOOKMARK [2][-]{subsection.9.3}{\376\377\000P\000r\000a\000c\000t\000i\000c\000a\000l\000\040\000I\000m\000p\000l\000i\000c\000a\000t\000i\000o\000n\000s}{section.9}% 81
\BOOKMARK [2][-]{subsection.9.4}{\376\377\000L\000i\000m\000i\000t\000a\000t\000i\000o\000n\000s\000\040\000a\000n\000d\000\040\000C\000h\000a\000l\000l\000e\000n\000g\000e\000s}{section.9}% 82
\BOOKMARK [3][-]{subsubsection.9.4.1}{\376\377\000C\000o\000m\000p\000u\000t\000a\000t\000i\000o\000n\000a\000l\000\040\000C\000o\000m\000p\000l\000e\000x\000i\000t\000y}{subsection.9.4}% 83
\BOOKMARK [3][-]{subsubsection.9.4.2}{\376\377\000T\000h\000e\000o\000r\000e\000t\000i\000c\000a\000l\000\040\000L\000i\000m\000i\000t\000a\000t\000i\000o\000n\000s}{subsection.9.4}% 84
\BOOKMARK [3][-]{subsubsection.9.4.3}{\376\377\000P\000r\000a\000c\000t\000i\000c\000a\000l\000\040\000C\000o\000n\000s\000t\000r\000a\000i\000n\000t\000s}{subsection.9.4}% 85
\BOOKMARK [2][-]{subsection.9.5}{\376\377\000F\000u\000t\000u\000r\000e\000\040\000R\000e\000s\000e\000a\000r\000c\000h\000\040\000D\000i\000r\000e\000c\000t\000i\000o\000n\000s}{section.9}% 86
\BOOKMARK [3][-]{subsubsection.9.5.1}{\376\377\000T\000h\000e\000o\000r\000e\000t\000i\000c\000a\000l\000\040\000E\000x\000t\000e\000n\000s\000i\000o\000n\000s}{subsection.9.5}% 87
\BOOKMARK [3][-]{subsubsection.9.5.2}{\376\377\000M\000e\000t\000h\000o\000d\000o\000l\000o\000g\000i\000c\000a\000l\000\040\000I\000n\000n\000o\000v\000a\000t\000i\000o\000n\000s}{subsection.9.5}% 88
\BOOKMARK [3][-]{subsubsection.9.5.3}{\376\377\000A\000p\000p\000l\000i\000c\000a\000t\000i\000o\000n\000\040\000E\000x\000t\000e\000n\000s\000i\000o\000n\000s}{subsection.9.5}% 89
\BOOKMARK [3][-]{subsubsection.9.5.4}{\376\377\000B\000e\000y\000o\000n\000d\000\040\000R\000e\000c\000o\000m\000m\000e\000n\000d\000a\000t\000i\000o\000n\000\040\000S\000y\000s\000t\000e\000m\000s}{subsection.9.5}% 90
\BOOKMARK [2][-]{subsection.9.6}{\376\377\000B\000r\000o\000a\000d\000e\000r\000\040\000I\000m\000p\000a\000c\000t\000\040\000a\000n\000d\000\040\000E\000t\000h\000i\000c\000a\000l\000\040\000C\000o\000n\000s\000i\000d\000e\000r\000a\000t\000i\000o\000n\000s}{section.9}% 91
\BOOKMARK [3][-]{subsubsection.9.6.1}{\376\377\000E\000n\000v\000i\000r\000o\000n\000m\000e\000n\000t\000a\000l\000\040\000I\000m\000p\000a\000c\000t}{subsection.9.6}% 92
\BOOKMARK [3][-]{subsubsection.9.6.2}{\376\377\000F\000a\000i\000r\000n\000e\000s\000s\000\040\000a\000n\000d\000\040\000B\000i\000a\000s\000\040\000C\000o\000n\000s\000i\000d\000e\000r\000a\000t\000i\000o\000n\000s}{subsection.9.6}% 93
\BOOKMARK [3][-]{subsubsection.9.6.3}{\376\377\000S\000o\000c\000i\000e\000t\000a\000l\000\040\000I\000m\000p\000l\000i\000c\000a\000t\000i\000o\000n\000s}{subsection.9.6}% 94
\BOOKMARK [1][-]{section.10}{\376\377\000L\000i\000m\000i\000t\000a\000t\000i\000o\000n\000s\000\040\000a\000n\000d\000\040\000F\000u\000t\000u\000r\000e\000\040\000W\000o\000r\000k}{}% 95
\BOOKMARK [1][-]{section.11}{\376\377\000C\000o\000n\000c\000l\000u\000s\000i\000o\000n}{}% 96
\BOOKMARK [2][-]{subsection.11.1}{\376\377\000S\000u\000m\000m\000a\000r\000y\000\040\000o\000f\000\040\000C\000o\000n\000t\000r\000i\000b\000u\000t\000i\000o\000n\000s}{section.11}% 97
\BOOKMARK [2][-]{subsection.11.2}{\376\377\000K\000e\000y\000\040\000I\000n\000s\000i\000g\000h\000t\000s\000\040\000a\000n\000d\000\040\000F\000i\000n\000d\000i\000n\000g\000s}{section.11}% 98
\BOOKMARK [2][-]{subsection.11.3}{\376\377\000B\000r\000o\000a\000d\000e\000r\000\040\000I\000m\000p\000a\000c\000t}{section.11}% 99
\BOOKMARK [2][-]{subsection.11.4}{\376\377\000F\000u\000t\000u\000r\000e\000\040\000D\000i\000r\000e\000c\000t\000i\000o\000n\000s\000\040\000a\000n\000d\000\040\000O\000p\000e\000n\000\040\000Q\000u\000e\000s\000t\000i\000o\000n\000s}{section.11}% 100
\BOOKMARK [1][-]{section.12}{\376\377\000C\000o\000n\000c\000l\000u\000s\000i\000o\000n}{}% 101
\BOOKMARK [1][-]{section*.17}{\376\377\000R\000e\000f\000e\000r\000e\000n\000c\000e\000s}{}% 102
